Using pre-set license
Built from '2022.1/staging' branch; Version is '2022.1.16f1 (7321c9670bc2) revision 7545289'; Using compiler version '192829333'; Build Type 'Release'
OS: 'Windows 10  (10.0.19045) 64bit Education' Language: 'en' Physical Memory: 16309 MB
BatchMode: 1, IsHumanControllingUs: 0, StartBugReporterOnCrash: 0, Is64bit: 1, IsPro: 1

COMMAND LINE ARGUMENTS:
C:\Program Files\Unity\Hub\Editor\2022.1.16f1\Editor\Unity.exe
-adb2
-batchMode
-noUpm
-name
AssetImportWorker0
-projectPath
C:/Users/528286/lego-trial
-logFile
Logs/AssetImportWorker0.log
-srvPort
49312
Successfully changed project path to: C:/Users/528286/lego-trial
C:/Users/528286/lego-trial
[UnityMemory] Configuration Parameters - Can be set up in boot.config
    "memorysetup-bucket-allocator-granularity=16"
    "memorysetup-bucket-allocator-bucket-count=8"
    "memorysetup-bucket-allocator-block-size=33554432"
    "memorysetup-bucket-allocator-block-count=8"
    "memorysetup-main-allocator-block-size=16777216"
    "memorysetup-thread-allocator-block-size=16777216"
    "memorysetup-gfx-main-allocator-block-size=16777216"
    "memorysetup-gfx-thread-allocator-block-size=16777216"
    "memorysetup-cache-allocator-block-size=4194304"
    "memorysetup-typetree-allocator-block-size=2097152"
    "memorysetup-profiler-bucket-allocator-granularity=16"
    "memorysetup-profiler-bucket-allocator-bucket-count=8"
    "memorysetup-profiler-bucket-allocator-block-size=33554432"
    "memorysetup-profiler-bucket-allocator-block-count=8"
    "memorysetup-profiler-allocator-block-size=16777216"
    "memorysetup-profiler-editor-allocator-block-size=1048576"
    "memorysetup-temp-allocator-size-main=16777216"
    "memorysetup-job-temp-allocator-block-size=2097152"
    "memorysetup-job-temp-allocator-block-size-background=1048576"
    "memorysetup-job-temp-allocator-reduction-small-platforms=262144"
    "memorysetup-temp-allocator-size-background-worker=32768"
    "memorysetup-temp-allocator-size-job-worker=262144"
    "memorysetup-temp-allocator-size-preload-manager=33554432"
    "memorysetup-temp-allocator-size-nav-mesh-worker=65536"
    "memorysetup-temp-allocator-size-audio-worker=65536"
    "memorysetup-temp-allocator-size-cloud-worker=32768"
    "memorysetup-temp-allocator-size-gi-baking-worker=262144"
    "memorysetup-temp-allocator-size-gfx=262144"
Refreshing native plugins compatible for Editor in 238.39 ms, found 3 plugins.
Preloading 0 native plugins for Editor in 0.00 ms.
Initialize engine version: 2022.1.16f1 (7321c9670bc2)
[Subsystems] Discovering subsystems at path C:/Program Files/Unity/Hub/Editor/2022.1.16f1/Editor/Data/Resources/UnitySubsystems
[Subsystems] Discovering subsystems at path C:/Users/528286/lego-trial/Assets
GfxDevice: creating device client; threaded=0; jobified=0
Direct3D:
    Version:  Direct3D 11.0 [level 11.1]
    Renderer: NVIDIA GeForce GTX 1650 (ID=0x2188)
    Vendor:   NVIDIA
    VRAM:     3949 MB
    Driver:   31.0.15.3623
Initialize mono
Mono path[0] = 'C:/Program Files/Unity/Hub/Editor/2022.1.16f1/Editor/Data/Managed'
Mono path[1] = 'C:/Program Files/Unity/Hub/Editor/2022.1.16f1/Editor/Data/MonoBleedingEdge/lib/mono/unityjit-win32'
Mono config path = 'C:/Program Files/Unity/Hub/Editor/2022.1.16f1/Editor/Data/MonoBleedingEdge/etc'
Using monoOptions --debugger-agent=transport=dt_socket,embedding=1,server=y,suspend=n,address=127.0.0.1:56328
Begin MonoManager ReloadAssembly
Registering precompiled unity dll's ...
Register platform support module: C:/Program Files/Unity/Hub/Editor/2022.1.16f1/Editor/Data/PlaybackEngines/WebGLSupport/UnityEditor.WebGL.Extensions.dll
Register platform support module: C:/Program Files/Unity/Hub/Editor/2022.1.16f1/Editor/Data/PlaybackEngines/MacStandaloneSupport/UnityEditor.OSXStandalone.Extensions.dll
Register platform support module: C:/Program Files/Unity/Hub/Editor/2022.1.16f1/Editor/Data/PlaybackEngines/AndroidPlayer/UnityEditor.Android.Extensions.dll
Register platform support module: C:/Program Files/Unity/Hub/Editor/2022.1.16f1/Editor/Data/PlaybackEngines/iOSSupport/UnityEditor.iOS.Extensions.dll
Register platform support module: C:/Program Files/Unity/Hub/Editor/2022.1.16f1/Editor/Data/PlaybackEngines/AppleTVSupport/UnityEditor.AppleTV.Extensions.dll
Register platform support module: C:/Program Files/Unity/Hub/Editor/2022.1.16f1/Editor/Data/PlaybackEngines/WindowsStandaloneSupport/UnityEditor.WindowsStandalone.Extensions.dll
Register platform support module: C:/Program Files/Unity/Hub/Editor/2022.1.16f1/Editor/Data/PlaybackEngines/LinuxStandaloneSupport/UnityEditor.LinuxStandalone.Extensions.dll
Register platform support module: C:/Program Files/Unity/Hub/Editor/2022.1.16f1/Editor/Data/PlaybackEngines/MetroSupport/UnityEditor.UWP.Extensions.dll
Registered in 0.018699 seconds.
Native extension for UWP target not found
Native extension for LinuxStandalone target not found
Native extension for WindowsStandalone target not found
[usbmuxd] Start listen thread
[usbmuxd] Listen thread started
Native extension for AppleTV target not found
[usbmuxd] Start listen thread
[usbmuxd] Listen thread started
Native extension for iOS target not found
Native extension for Android target not found
Native extension for OSXStandalone target not found
Native extension for WebGL target not found
Refreshing native plugins compatible for Editor in 234.34 ms, found 3 plugins.
Preloading 0 native plugins for Editor in 0.00 ms.
Mono: successfully reloaded assembly
- Completed reload, in  1.039 seconds
Domain Reload Profiling:
	ReloadAssembly (1039ms)
		BeginReloadAssembly (90ms)
			ExecutionOrderSort (0ms)
			DisableScriptedObjects (0ms)
			BackupInstance (0ms)
			ReleaseScriptingObjects (0ms)
			CreateAndSetChildDomain (1ms)
		EndReloadAssembly (821ms)
			LoadAssemblies (88ms)
			RebuildTransferFunctionScriptingTraits (0ms)
			SetupTypeCache (260ms)
				TypeCache.Initialize (259ms)
					TypeCache.ScanAssembly (258ms)
				ResolveRequiredComponents (1ms)
			ReleaseScriptCaches (0ms)
			RebuildScriptCaches (34ms)
			SetupLoadedEditorAssemblies (457ms)
				LogAssemblyErrors (0ms)
				InitializePlatformSupportModulesInManaged (80ms)
				SetLoadedEditorAssemblies (7ms)
				RefreshPlugins (234ms)
				BeforeProcessingInitializeOnLoad (1ms)
				ProcessInitializeOnLoadAttributes (93ms)
				ProcessInitializeOnLoadMethodAttributes (41ms)
				AfterProcessingInitializeOnLoad (0ms)
				EditorAssembliesLoaded (0ms)
			ExecutionOrderSort2 (0ms)
			AwakeInstancesAfterBackupRestoration (0ms)
Platform modules already initialized, skipping
Registering precompiled user dll's ...
Registered in 0.010049 seconds.
Begin MonoManager ReloadAssembly
Symbol file LoadedFromMemory doesn't match image C:\Users\528286\lego-trial\Library\PackageCache\com.unity.visualscripting@1.7.8\Editor\VisualScripting.Core\Dependencies\YamlDotNet\Unity.VisualScripting.YamlDotNet.dll
Symbol file LoadedFromMemory doesn't match image C:\Users\528286\lego-trial\Library\PackageCache\com.unity.visualscripting@1.7.8\Editor\VisualScripting.Core\Dependencies\DotNetZip\Unity.VisualScripting.IonicZip.dll
Native extension for UWP target not found
Native extension for LinuxStandalone target not found
Native extension for WindowsStandalone target not found
Native extension for AppleTV target not found
Native extension for iOS target not found
Native extension for Android target not found
Native extension for OSXStandalone target not found
Native extension for WebGL target not found
Refreshing native plugins compatible for Editor in 222.54 ms, found 3 plugins.
Preloading 0 native plugins for Editor in 0.00 ms.
Mono: successfully reloaded assembly
- Completed reload, in  1.870 seconds
Domain Reload Profiling:
	ReloadAssembly (1871ms)
		BeginReloadAssembly (138ms)
			ExecutionOrderSort (0ms)
			DisableScriptedObjects (5ms)
			BackupInstance (0ms)
			ReleaseScriptingObjects (0ms)
			CreateAndSetChildDomain (21ms)
		EndReloadAssembly (1596ms)
			LoadAssemblies (115ms)
			RebuildTransferFunctionScriptingTraits (0ms)
			SetupTypeCache (318ms)
				TypeCache.Initialize (305ms)
					TypeCache.ScanAssembly (300ms)
				ResolveRequiredComponents (13ms)
			ReleaseScriptCaches (1ms)
			RebuildScriptCaches (69ms)
			SetupLoadedEditorAssemblies (1053ms)
				LogAssemblyErrors (0ms)
				InitializePlatformSupportModulesInManaged (41ms)
				SetLoadedEditorAssemblies (5ms)
				RefreshPlugins (223ms)
				BeforeProcessingInitializeOnLoad (148ms)
				ProcessInitializeOnLoadAttributes (549ms)
				ProcessInitializeOnLoadMethodAttributes (74ms)
				AfterProcessingInitializeOnLoad (13ms)
				EditorAssembliesLoaded (0ms)
			ExecutionOrderSort2 (0ms)
			AwakeInstancesAfterBackupRestoration (5ms)
Platform modules already initialized, skipping
========================================================================
Worker process is ready to serve import requests
Launched and connected shader compiler UnityShaderCompiler.exe after 0.05 seconds
Refreshing native plugins compatible for Editor in 2.90 ms, found 3 plugins.
Preloading 0 native plugins for Editor in 0.00 ms.
Unloading 5882 Unused Serialized files (Serialized files now loaded: 0)
Unloading 48 unused Assets / (145.7 KB). Loaded Objects now: 6377.
Memory consumption went from 0.94 GB to 0.94 GB.
Total: 5.221200 ms (FindLiveObjects: 0.664400 ms CreateObjectMapping: 0.278300 ms MarkObjects: 4.111300 ms  DeleteObjects: 0.166400 ms)

AssetImportParameters requested are different than current active one (requested -> active):
  custom:video-decoder-ogg-theora: a1e56fd34408186e4bbccfd4996cb3dc -> 
  custom:container-muxer-webm: aa71ff27fc2769a1b78a27578f13a17b -> 
  custom:container-demuxer-webm: 4f35f7cbe854078d1ac9338744f61a02 -> 
  custom:video-encoder-webm-vp8: eb34c28f22e8b96e1ab97ce403110664 -> 
  custom:audio-encoder-webm-vorbis: bf7c407c2cedff20999df2af8eb42d56 -> 
  custom:framework-win-MediaFoundation: 216162199b28c13a410421893ffa2e32 -> 
  custom:container-demuxer-ogg: 62fdf1f143b41e24485cea50d1cbac27 -> 
  custom:video-decoder-webm-vp8: 9c59270c3fd7afecdb556c50c9e8de78 -> 
  custom:audio-decoder-ogg-vorbis: bf7c407c2cedff20999df2af8eb42d56 -> 
========================================================================
Received Import Request.
  Time since last request: 2687.535295 seconds.
  path: Assets/SharedAssets/Packages/LowPoly/PolygonSciFiCity/Prefabs/Characters/FixedScaleCharacters/Character_Monk_Male_01.prefab
  artifactKey: Guid(fc62b962a6a22f148b707e207ab06996) Importer(815301076,1909f56bfc062723c751e8b465ee728b)
Start importing Assets/SharedAssets/Packages/LowPoly/PolygonSciFiCity/Prefabs/Characters/FixedScaleCharacters/Character_Monk_Male_01.prefab using Guid(fc62b962a6a22f148b707e207ab06996) Importer(815301076,1909f56bfc062723c751e8b465ee728b)  -> (artifact id: '95a6f34af42950304b06f1f366ce8cc0') in 0.366217 seconds 
========================================================================
Received Import Request.
  Time since last request: 0.000037 seconds.
  path: Assets/Fantasy Skybox FREE/Cubemaps/Classic/FS000_Night_01_Moonless.mat
  artifactKey: Guid(1065b432639a84123a07ea43fe5ba4c9) Importer(815301076,1909f56bfc062723c751e8b465ee728b)
Start importing Assets/Fantasy Skybox FREE/Cubemaps/Classic/FS000_Night_01_Moonless.mat using Guid(1065b432639a84123a07ea43fe5ba4c9) Importer(815301076,1909f56bfc062723c751e8b465ee728b)  -> (artifact id: '55890a27bb7a0bb8966ea242a36c3f68') in 0.078740 seconds 
========================================================================
Received Import Request.
  Time since last request: 0.000031 seconds.
  path: Assets/Fantasy Skybox FREE/Cubemaps/Classic/FS000_Night_03_Moonless.png
  artifactKey: Guid(72dbfaf2e11e92744a2ff15822b9079f) Importer(815301076,1909f56bfc062723c751e8b465ee728b)
Start importing Assets/Fantasy Skybox FREE/Cubemaps/Classic/FS000_Night_03_Moonless.png using Guid(72dbfaf2e11e92744a2ff15822b9079f) Importer(815301076,1909f56bfc062723c751e8b465ee728b)  -> (artifact id: '6f963a4c8914b6e32cecab366ce605ce') in 0.044636 seconds 
========================================================================
Received Import Request.
  Time since last request: 0.000036 seconds.
  path: Assets/Fantasy Skybox FREE/Cubemaps/FS002/Images/FS002_Night_Moonless_Cubemap_up.png
  artifactKey: Guid(11eaa9f4f73aeb248921dd15ce537f5c) Importer(815301076,1909f56bfc062723c751e8b465ee728b)
Start importing Assets/Fantasy Skybox FREE/Cubemaps/FS002/Images/FS002_Night_Moonless_Cubemap_up.png using Guid(11eaa9f4f73aeb248921dd15ce537f5c) Importer(815301076,1909f56bfc062723c751e8b465ee728b)  -> (artifact id: '5a4b931f534c2e56f87ae53b12cd6246') in 0.025634 seconds 
========================================================================
Received Import Request.
  Time since last request: 0.000024 seconds.
  path: Assets/Fantasy Skybox FREE/Cubemaps/FS002/Images/FS002_Night_Moonless_Cubemap_left.png
  artifactKey: Guid(8d15536d3f1f2a3489020ddb892aa2cd) Importer(815301076,1909f56bfc062723c751e8b465ee728b)
Start importing Assets/Fantasy Skybox FREE/Cubemaps/FS002/Images/FS002_Night_Moonless_Cubemap_left.png using Guid(8d15536d3f1f2a3489020ddb892aa2cd) Importer(815301076,1909f56bfc062723c751e8b465ee728b)  -> (artifact id: '263a4a942215f111541211ad26ecd91b') in 0.018547 seconds 
========================================================================
Received Import Request.
  Time since last request: 0.000038 seconds.
  path: Assets/Fantasy Skybox FREE/Cubemaps/FS002/Images/FS002_Night_Moonless_Cubemap_right.png
  artifactKey: Guid(cbc272ab67a6bd94da126c47f62eb6a1) Importer(815301076,1909f56bfc062723c751e8b465ee728b)
Start importing Assets/Fantasy Skybox FREE/Cubemaps/FS002/Images/FS002_Night_Moonless_Cubemap_right.png using Guid(cbc272ab67a6bd94da126c47f62eb6a1) Importer(815301076,1909f56bfc062723c751e8b465ee728b)  -> (artifact id: 'bfb0a90066e6063350ddd81e581dcbf3') in 0.014900 seconds 
========================================================================
Received Import Request.
  Time since last request: 0.000030 seconds.
  path: Assets/TextMesh Pro/Sprites/EmojiOne.png
  artifactKey: Guid(dffef66376be4fa480fb02b19edbe903) Importer(815301076,1909f56bfc062723c751e8b465ee728b)
Start importing Assets/TextMesh Pro/Sprites/EmojiOne.png using Guid(dffef66376be4fa480fb02b19edbe903) Importer(815301076,1909f56bfc062723c751e8b465ee728b)  -> (artifact id: 'd79616b824312f0c4b466202a5d29f87') in 0.024377 seconds 
========================================================================
Received Import Request.
  Time since last request: 0.000026 seconds.
  path: Assets/Fantasy Skybox FREE/Cubemaps/Classic/FS000_Night_02_Moonless.mat
  artifactKey: Guid(94caf2ba4ca5e46bfaba53afcc8778dd) Importer(815301076,1909f56bfc062723c751e8b465ee728b)
Start importing Assets/Fantasy Skybox FREE/Cubemaps/Classic/FS000_Night_02_Moonless.mat using Guid(94caf2ba4ca5e46bfaba53afcc8778dd) Importer(815301076,1909f56bfc062723c751e8b465ee728b)  -> (artifact id: '0ccc8c31aae82c964848fbfc2e87ae2b') in 0.018450 seconds 
========================================================================
Received Import Request.
  Time since last request: 0.000026 seconds.
  path: Assets/Fantasy Skybox FREE/Cubemaps/Classic/FS000_Night_03_Moonless.mat
  artifactKey: Guid(42dc3b9b0dd2040fc9ef0182fdea0e50) Importer(815301076,1909f56bfc062723c751e8b465ee728b)
Start importing Assets/Fantasy Skybox FREE/Cubemaps/Classic/FS000_Night_03_Moonless.mat using Guid(42dc3b9b0dd2040fc9ef0182fdea0e50) Importer(815301076,1909f56bfc062723c751e8b465ee728b)  -> (artifact id: 'f03d17f8140d99783d81aa254911fd84') in 0.017908 seconds 
========================================================================
Received Import Request.
  Time since last request: 0.000026 seconds.
  path: Assets/Fantasy Skybox FREE/Cubemaps/Classic/FS000_Night_01_Moonless.png
  artifactKey: Guid(ac8a32e5107b67a47939926c52798a2b) Importer(815301076,1909f56bfc062723c751e8b465ee728b)
Start importing Assets/Fantasy Skybox FREE/Cubemaps/Classic/FS000_Night_01_Moonless.png using Guid(ac8a32e5107b67a47939926c52798a2b) Importer(815301076,1909f56bfc062723c751e8b465ee728b)  -> (artifact id: '39b7d69fb270ae9cc234230ea5fd019e') in 0.023477 seconds 
========================================================================
Received Import Request.
  Time since last request: 0.000032 seconds.
  path: Assets/Fantasy Skybox FREE/Cubemaps/FS003/FS003_Night_Moonless_Cubemap.mat
  artifactKey: Guid(8c94435c262dc614799eb36fd36c5b4a) Importer(815301076,1909f56bfc062723c751e8b465ee728b)
Start importing Assets/Fantasy Skybox FREE/Cubemaps/FS003/FS003_Night_Moonless_Cubemap.mat using Guid(8c94435c262dc614799eb36fd36c5b4a) Importer(815301076,1909f56bfc062723c751e8b465ee728b)  -> (artifact id: 'b57be48a366a3437e820352495982148') in 0.190231 seconds 
========================================================================
Received Import Request.
  Time since last request: 0.000026 seconds.
  path: Assets/Fantasy Skybox FREE/Cubemaps/FS003/Images/FS003_Night_Moonless_Cubemap_left.png
  artifactKey: Guid(4c4ad0412550ea84b8ec88983ba660d7) Importer(815301076,1909f56bfc062723c751e8b465ee728b)
Start importing Assets/Fantasy Skybox FREE/Cubemaps/FS003/Images/FS003_Night_Moonless_Cubemap_left.png using Guid(4c4ad0412550ea84b8ec88983ba660d7) Importer(815301076,1909f56bfc062723c751e8b465ee728b)  -> (artifact id: '75bc4ff688e4f4452325e3ccf82a32cf') in 0.017892 seconds 
========================================================================
Received Import Request.
  Time since last request: 0.000031 seconds.
  path: Assets/Fantasy Skybox FREE/Cubemaps/FS003/Images/FS003_Night_Moonless_Cubemap_back.png
  artifactKey: Guid(e0cda858e7f614546971d51ec208b338) Importer(815301076,1909f56bfc062723c751e8b465ee728b)
Start importing Assets/Fantasy Skybox FREE/Cubemaps/FS003/Images/FS003_Night_Moonless_Cubemap_back.png using Guid(e0cda858e7f614546971d51ec208b338) Importer(815301076,1909f56bfc062723c751e8b465ee728b)  -> (artifact id: 'e48c5003a9361f473462deafdd735727') in 0.017016 seconds 
========================================================================
Received Import Request.
  Time since last request: 0.000031 seconds.
  path: Assets/Fantasy Skybox FREE/Cubemaps/FS003/Images/FS003_Night_Moonless_Cubemap_right.png
  artifactKey: Guid(e909efe79f40123499bc4c0710242136) Importer(815301076,1909f56bfc062723c751e8b465ee728b)
Start importing Assets/Fantasy Skybox FREE/Cubemaps/FS003/Images/FS003_Night_Moonless_Cubemap_right.png using Guid(e909efe79f40123499bc4c0710242136) Importer(815301076,1909f56bfc062723c751e8b465ee728b)  -> (artifact id: '231da7aa2d9e3cc9e4a0bd8ad213187f') in 0.016025 seconds 
========================================================================
Received Import Request.
  Time since last request: 0.000033 seconds.
  path: Assets/Fantasy Skybox FREE/Cubemaps/FS003/Images/FS003_Night_Moonless_Cubemap_down.png
  artifactKey: Guid(230df26ff15142840883397265e2086f) Importer(815301076,1909f56bfc062723c751e8b465ee728b)
Start importing Assets/Fantasy Skybox FREE/Cubemaps/FS003/Images/FS003_Night_Moonless_Cubemap_down.png using Guid(230df26ff15142840883397265e2086f) Importer(815301076,1909f56bfc062723c751e8b465ee728b)  -> (artifact id: 'bea8cf57235d8ecaf186c544bd63b205') in 0.018266 seconds 
========================================================================
Received Import Request.
  Time since last request: 0.000027 seconds.
  path: Assets/Fantasy Skybox FREE/Cubemaps/FS013/Images/FS013_Night_Moonless_Cubemap.cubemap
  artifactKey: Guid(002c4ae081facae49b8d52962f0b32af) Importer(815301076,1909f56bfc062723c751e8b465ee728b)
Start importing Assets/Fantasy Skybox FREE/Cubemaps/FS013/Images/FS013_Night_Moonless_Cubemap.cubemap using Guid(002c4ae081facae49b8d52962f0b32af) Importer(815301076,1909f56bfc062723c751e8b465ee728b)  -> (artifact id: '8f5b005c304a6af7a76e261a295acd7b') in 0.225623 seconds 
========================================================================
Received Import Request.
  Time since last request: 0.000061 seconds.
  path: Assets/Fantasy Skybox FREE/Cubemaps/FS013/Images/FS013_Night_Moonless_Cubemap_back.png
  artifactKey: Guid(41826ca287104f34ab7f74401ab053dd) Importer(815301076,1909f56bfc062723c751e8b465ee728b)
Start importing Assets/Fantasy Skybox FREE/Cubemaps/FS013/Images/FS013_Night_Moonless_Cubemap_back.png using Guid(41826ca287104f34ab7f74401ab053dd) Importer(815301076,1909f56bfc062723c751e8b465ee728b)  -> (artifact id: 'd7d21f9d61f9bb33109d4b1bf24af1bf') in 0.018304 seconds 
========================================================================
Received Import Request.
  Time since last request: 0.000032 seconds.
  path: Assets/Fantasy Skybox FREE/Cubemaps/FS017/FS017_Night_Moonless_Cubemap.mat
  artifactKey: Guid(53d73dd4f99c4c84d95a657e638c4553) Importer(815301076,1909f56bfc062723c751e8b465ee728b)
Start importing Assets/Fantasy Skybox FREE/Cubemaps/FS017/FS017_Night_Moonless_Cubemap.mat using Guid(53d73dd4f99c4c84d95a657e638c4553) Importer(815301076,1909f56bfc062723c751e8b465ee728b)  -> (artifact id: '7a7cd10e4fd405e74a74ca05926988fb') in 0.063394 seconds 
========================================================================
Received Import Request.
  Time since last request: 0.000029 seconds.
  path: Assets/SharedAssets/Packages/LowPoly/SimpleApocalypse/FX/FX_TireSmoke.prefab
  artifactKey: Guid(13d4b1dc067a2604aa9b6be7401f0d5a) Importer(815301076,1909f56bfc062723c751e8b465ee728b)
Start importing Assets/SharedAssets/Packages/LowPoly/SimpleApocalypse/FX/FX_TireSmoke.prefab using Guid(13d4b1dc067a2604aa9b6be7401f0d5a) Importer(815301076,1909f56bfc062723c751e8b465ee728b)  -> (artifact id: '2ed8411a3599c9538d82d56f2f5e15b9') in 0.059931 seconds 
========================================================================
Received Import Request.
  Time since last request: 0.000030 seconds.
  path: Assets/Fantasy Skybox FREE/Cubemaps/FS017/Images/FS017_Night_Moonless_Cubemap_left.png
  artifactKey: Guid(a15506ae0e4838149b25c00cd8af36c1) Importer(815301076,1909f56bfc062723c751e8b465ee728b)
Start importing Assets/Fantasy Skybox FREE/Cubemaps/FS017/Images/FS017_Night_Moonless_Cubemap_left.png using Guid(a15506ae0e4838149b25c00cd8af36c1) Importer(815301076,1909f56bfc062723c751e8b465ee728b)  -> (artifact id: '6475153a71e81a223f20415406a77ed3') in 0.027433 seconds 
========================================================================
Received Import Request.
  Time since last request: 0.000039 seconds.
  path: Assets/SharedAssets/Packages/LowPoly/SimpleApocalypse/Prefabs/FX/FX_TireSmoke.prefab
  artifactKey: Guid(d7bf18dd20422304ea868e95c3518f19) Importer(815301076,1909f56bfc062723c751e8b465ee728b)
Start importing Assets/SharedAssets/Packages/LowPoly/SimpleApocalypse/Prefabs/FX/FX_TireSmoke.prefab using Guid(d7bf18dd20422304ea868e95c3518f19) Importer(815301076,1909f56bfc062723c751e8b465ee728b)  -> (artifact id: '2bfb7de8bd1ac8d809104bb595060574') in 0.015737 seconds 
========================================================================
Received Import Request.
  Time since last request: 0.000037 seconds.
  path: Assets/Fantasy Skybox FREE/Cubemaps/FS017/Images/FS017_Night_Moonless_Cubemap_front.png
  artifactKey: Guid(cba7f06c484374d4294367a2f24ef4df) Importer(815301076,1909f56bfc062723c751e8b465ee728b)
Start importing Assets/Fantasy Skybox FREE/Cubemaps/FS017/Images/FS017_Night_Moonless_Cubemap_front.png using Guid(cba7f06c484374d4294367a2f24ef4df) Importer(815301076,1909f56bfc062723c751e8b465ee728b)  -> (artifact id: '37de9315dd6d82bcd2ae206edacd51f7') in 0.026756 seconds 
========================================================================
Received Import Request.
  Time since last request: 0.000062 seconds.
  path: Assets/Fantasy Skybox FREE/Cubemaps/FS017/Images/FS017_Night_Moonless_Cubemap_back.png
  artifactKey: Guid(ede0c531f3e788e4eb4583002c760b2d) Importer(815301076,1909f56bfc062723c751e8b465ee728b)
Start importing Assets/Fantasy Skybox FREE/Cubemaps/FS017/Images/FS017_Night_Moonless_Cubemap_back.png using Guid(ede0c531f3e788e4eb4583002c760b2d) Importer(815301076,1909f56bfc062723c751e8b465ee728b)  -> (artifact id: '91850cf17532451aab788fd4685bb616') in 0.018807 seconds 
========================================================================
Received Import Request.
  Time since last request: 0.000025 seconds.
  path: Assets/SharedAssets/Packages/LowPoly/SimpleApocalypse/Prefabs/FX/FX_Smoke.prefab
  artifactKey: Guid(ab1112643ee572748b01dede71158272) Importer(815301076,1909f56bfc062723c751e8b465ee728b)
Start importing Assets/SharedAssets/Packages/LowPoly/SimpleApocalypse/Prefabs/FX/FX_Smoke.prefab using Guid(ab1112643ee572748b01dede71158272) Importer(815301076,1909f56bfc062723c751e8b465ee728b)  -> (artifact id: 'f29b2279095f883fbccc1ace3e2bd989') in 0.025433 seconds 
========================================================================
Received Import Request.
  Time since last request: 0.000025 seconds.
  path: Assets/Fantasy Skybox FREE/Cubemaps/FS003/Images/FS003_Night_Moonless_Cubemap_up.png
  artifactKey: Guid(b5f9d276d27d022429122ae306a99fbb) Importer(815301076,1909f56bfc062723c751e8b465ee728b)
Start importing Assets/Fantasy Skybox FREE/Cubemaps/FS003/Images/FS003_Night_Moonless_Cubemap_up.png using Guid(b5f9d276d27d022429122ae306a99fbb) Importer(815301076,1909f56bfc062723c751e8b465ee728b)  -> (artifact id: '90cf55e52195cbc095a36268529963ee') in 0.023599 seconds 
========================================================================
Received Import Request.
  Time since last request: 0.000028 seconds.
  path: Assets/Fantasy Skybox FREE/Panoramics/FS017/FS017_Night_Moonless.png
  artifactKey: Guid(71af0a156cd7ed6469b31ce35294a78b) Importer(815301076,1909f56bfc062723c751e8b465ee728b)
Start importing Assets/Fantasy Skybox FREE/Panoramics/FS017/FS017_Night_Moonless.png using Guid(71af0a156cd7ed6469b31ce35294a78b) Importer(815301076,1909f56bfc062723c751e8b465ee728b)  -> (artifact id: '619fe7cdbcd83c21e81ee4dfc431cd34') in 0.026239 seconds 
========================================================================
Received Import Request.
  Time since last request: 0.000039 seconds.
  path: Assets/Fantasy Skybox FREE/Cubemaps/FS003/Images/FS003_Night_Moonless_Cubemap_front.png
  artifactKey: Guid(c5bc5ddeff88f984182b140843037d43) Importer(815301076,1909f56bfc062723c751e8b465ee728b)
Start importing Assets/Fantasy Skybox FREE/Cubemaps/FS003/Images/FS003_Night_Moonless_Cubemap_front.png using Guid(c5bc5ddeff88f984182b140843037d43) Importer(815301076,1909f56bfc062723c751e8b465ee728b)  -> (artifact id: '3cb3eca3093ba152d6e242641ee8968e') in 0.019112 seconds 
========================================================================
Received Import Request.
  Time since last request: 0.000045 seconds.
  path: Assets/Fantasy Skybox FREE/Cubemaps/FS002/Images/FS002_Night_Moonless_Cubemap_back.png
  artifactKey: Guid(e8786530aab0b1d4a8c68e1a66f8fbe1) Importer(815301076,1909f56bfc062723c751e8b465ee728b)
Start importing Assets/Fantasy Skybox FREE/Cubemaps/FS002/Images/FS002_Night_Moonless_Cubemap_back.png using Guid(e8786530aab0b1d4a8c68e1a66f8fbe1) Importer(815301076,1909f56bfc062723c751e8b465ee728b)  -> (artifact id: '43f5dbd0381f8436f0c6354d7d2d010e') in 0.019218 seconds 
========================================================================
Received Import Request.
  Time since last request: 0.000027 seconds.
  path: Assets/LEGO/Tutorials/1 Get Started/WT-Movement.png
  artifactKey: Guid(4ae842710fb6f419489994e1c1ab1007) Importer(815301076,1909f56bfc062723c751e8b465ee728b)
Start importing Assets/LEGO/Tutorials/1 Get Started/WT-Movement.png using Guid(4ae842710fb6f419489994e1c1ab1007) Importer(815301076,1909f56bfc062723c751e8b465ee728b)  -> (artifact id: '22c3cae0b0423270af7e8725d2135750') in 0.018662 seconds 
========================================================================
Received Import Request.
  Time since last request: 0.000044 seconds.
  path: Assets/LEGO/Tutorials/2 Obstacle/WT-Select-Move.mov
  artifactKey: Guid(94254a7abb7c844ab83ef8b861450ff6) Importer(815301076,1909f56bfc062723c751e8b465ee728b)
Start importing Assets/LEGO/Tutorials/2 Obstacle/WT-Select-Move.mov using Guid(94254a7abb7c844ab83ef8b861450ff6) Importer(815301076,1909f56bfc062723c751e8b465ee728b)  -> (artifact id: 'deb563457d8ad52c5e80ae03a3a97b7b') in 0.077114 seconds 
========================================================================
Received Import Request.
  Time since last request: 140.465045 seconds.
  path: Assets/SharedAssets/Packages/LowPoly/SimpleTown/Prefabs/Buildings/Building_StripClub.prefab
  artifactKey: Guid(5539162e689ec92449d1ea2b286dfd45) Importer(815301076,1909f56bfc062723c751e8b465ee728b)
Start importing Assets/SharedAssets/Packages/LowPoly/SimpleTown/Prefabs/Buildings/Building_StripClub.prefab using Guid(5539162e689ec92449d1ea2b286dfd45) Importer(815301076,1909f56bfc062723c751e8b465ee728b)  -> (artifact id: 'b72c1092850dc4f4e8ba0760bcdfa624') in 0.045062 seconds 
========================================================================
Received Import Request.
  Time since last request: 0.000035 seconds.
  path: Assets/SharedAssets/Packages/LowPoly/SimpleTown/Models/Collision/Building_StripClub_Convex.asset
  artifactKey: Guid(deb306925f0c34c45bbc5db005c7a760) Importer(815301076,1909f56bfc062723c751e8b465ee728b)
Start importing Assets/SharedAssets/Packages/LowPoly/SimpleTown/Models/Collision/Building_StripClub_Convex.asset using Guid(deb306925f0c34c45bbc5db005c7a760) Importer(815301076,1909f56bfc062723c751e8b465ee728b)  -> (artifact id: '9dc492e649799c62a18fddad1e2914df') in 0.059386 seconds 
========================================================================
Received Import Request.
  Time since last request: 0.000026 seconds.
  path: Assets/LEGO/Materials/LEGO Behaviour Icons/Pickup Trigger Side.mat
  artifactKey: Guid(bbea7331494474e9b879d9ddbad85601) Importer(815301076,1909f56bfc062723c751e8b465ee728b)
Start importing Assets/LEGO/Materials/LEGO Behaviour Icons/Pickup Trigger Side.mat using Guid(bbea7331494474e9b879d9ddbad85601) Importer(815301076,1909f56bfc062723c751e8b465ee728b)  -> (artifact id: 'e959c927b82e22cc23c1cd50856022f3') in 0.021042 seconds 
========================================================================
Received Import Request.
  Time since last request: 0.000023 seconds.
  path: Assets/SharedAssets/Packages/LowPoly/SimpleTown/Models/Building_StripClub.fbx
  artifactKey: Guid(f4682b3daa940a549b9ad91454ca60ff) Importer(815301076,1909f56bfc062723c751e8b465ee728b)
Start importing Assets/SharedAssets/Packages/LowPoly/SimpleTown/Models/Building_StripClub.fbx using Guid(f4682b3daa940a549b9ad91454ca60ff) Importer(815301076,1909f56bfc062723c751e8b465ee728b)  -> (artifact id: 'bde3ad95d96e9209d811996e67ad90a1') in 0.040624 seconds 
========================================================================
Received Import Request.
  Time since last request: 0.000034 seconds.
  path: Assets/LEGO/Textures/LEGO Behaviour Icons/Random Trigger Side.png
  artifactKey: Guid(5788bea8273864482903d5766b499bb4) Importer(815301076,1909f56bfc062723c751e8b465ee728b)
Start importing Assets/LEGO/Textures/LEGO Behaviour Icons/Random Trigger Side.png using Guid(5788bea8273864482903d5766b499bb4) Importer(815301076,1909f56bfc062723c751e8b465ee728b)  -> (artifact id: 'ed2083578ad0dc4e31f29050f57267d2') in 0.016938 seconds 
========================================================================
Received Import Request.
  Time since last request: 0.000039 seconds.
  path: Assets/SharedAssets/Packages/LowPoly/SimpleApocalypse/Models/Weapons/SA_Wep_AssaultRifle02_Convex.asset
  artifactKey: Guid(014879ec0ffe3bf41a080e1f96962121) Importer(815301076,1909f56bfc062723c751e8b465ee728b)
Start importing Assets/SharedAssets/Packages/LowPoly/SimpleApocalypse/Models/Weapons/SA_Wep_AssaultRifle02_Convex.asset using Guid(014879ec0ffe3bf41a080e1f96962121) Importer(815301076,1909f56bfc062723c751e8b465ee728b)  -> (artifact id: '85eceb078ff9ccd7dbf620ace8919a4a') in 0.015394 seconds 
========================================================================
Received Import Request.
  Time since last request: 0.000025 seconds.
  path: Assets/SharedAssets/Packages/LowPoly/SimpleApocalypse/Models/Weapons/SA_Wep_AssaultRifle02.fbx
  artifactKey: Guid(8c9abd44941f5534db60b84b020b3764) Importer(815301076,1909f56bfc062723c751e8b465ee728b)
Start importing Assets/SharedAssets/Packages/LowPoly/SimpleApocalypse/Models/Weapons/SA_Wep_AssaultRifle02.fbx using Guid(8c9abd44941f5534db60b84b020b3764) Importer(815301076,1909f56bfc062723c751e8b465ee728b)  -> (artifact id: 'aa032dd46d378e65f49685392f1513bc') in 0.078555 seconds 
========================================================================
Received Import Request.
  Time since last request: 0.000030 seconds.
  path: Assets/SharedAssets/Packages/LowPoly/PolygonSciFiCity/Prefabs/Buildings/SM_Bld_Industrial_01.prefab
  artifactKey: Guid(ec40f18bb650f6640a5de7a5ed9e7f7c) Importer(815301076,1909f56bfc062723c751e8b465ee728b)
Start importing Assets/SharedAssets/Packages/LowPoly/PolygonSciFiCity/Prefabs/Buildings/SM_Bld_Industrial_01.prefab using Guid(ec40f18bb650f6640a5de7a5ed9e7f7c) Importer(815301076,1909f56bfc062723c751e8b465ee728b)  -> (artifact id: 'dfd5d3cc2bbabe7b296d0ac3dd7b6f21') in 0.041496 seconds 
========================================================================
Received Import Request.
  Time since last request: 0.000045 seconds.
  path: Assets/SharedAssets/Packages/LowPoly/SimpleApocalypse/Prefabs/Characters/Zombies/SA_Zombie_Industrial.prefab
  artifactKey: Guid(eff2b11c7f07f0647942c29a970c06a9) Importer(815301076,1909f56bfc062723c751e8b465ee728b)
Start importing Assets/SharedAssets/Packages/LowPoly/SimpleApocalypse/Prefabs/Characters/Zombies/SA_Zombie_Industrial.prefab using Guid(eff2b11c7f07f0647942c29a970c06a9) Importer(815301076,1909f56bfc062723c751e8b465ee728b)  -> (artifact id: '7ac91c048acb938a0fb7a24e82fc58c3') in 0.079837 seconds 
========================================================================
Received Import Request.
  Time since last request: 0.000032 seconds.
  path: Assets/SharedAssets/Packages/LowPoly/SimpleApocalypse/Prefabs/Weapons/SA_Wep_AssaultRifle02.prefab
  artifactKey: Guid(77c28bd5bb9c5724da72bfd765a054d7) Importer(815301076,1909f56bfc062723c751e8b465ee728b)
Start importing Assets/SharedAssets/Packages/LowPoly/SimpleApocalypse/Prefabs/Weapons/SA_Wep_AssaultRifle02.prefab using Guid(77c28bd5bb9c5724da72bfd765a054d7) Importer(815301076,1909f56bfc062723c751e8b465ee728b)  -> (artifact id: '4c90c12b9723f66a9b6adb00cba1ab30') in 0.038177 seconds 
========================================================================
Received Import Request.
  Time since last request: 0.000038 seconds.
  path: Assets/SharedAssets/Packages/LowPoly/SimpleApocalypse/Models/Weapons/SA_Wep_StrikerShotgun_Convex.asset
  artifactKey: Guid(fb6b01971f194534d93f2c7766aa7ae5) Importer(815301076,1909f56bfc062723c751e8b465ee728b)
Start importing Assets/SharedAssets/Packages/LowPoly/SimpleApocalypse/Models/Weapons/SA_Wep_StrikerShotgun_Convex.asset using Guid(fb6b01971f194534d93f2c7766aa7ae5) Importer(815301076,1909f56bfc062723c751e8b465ee728b)  -> (artifact id: 'cba2348adeab01ecf922c71f47efdd09') in 0.019361 seconds 
========================================================================
Received Import Request.
  Time since last request: 0.000037 seconds.
  path: Assets/SharedAssets/Packages/LowPoly/SimpleApocalypse/Models/Characters/SA_Character.fbx
  artifactKey: Guid(dbbc53a6bc8f5c64bb234194ce1380aa) Importer(815301076,1909f56bfc062723c751e8b465ee728b)
Start importing Assets/SharedAssets/Packages/LowPoly/SimpleApocalypse/Models/Characters/SA_Character.fbx using Guid(dbbc53a6bc8f5c64bb234194ce1380aa) Importer(815301076,1909f56bfc062723c751e8b465ee728b)  -> (artifact id: '4b16f2cc80d63563bdd99e0bf163afbf') in 0.764995 seconds 
========================================================================
Received Import Request.
  Time since last request: 0.000031 seconds.
  path: Assets/LEGO/Textures/LEGO Behaviour Icons/Nearby Trigger Side.png
  artifactKey: Guid(d7d92c0b6f46943bf9ae1ebef29938ad) Importer(815301076,1909f56bfc062723c751e8b465ee728b)
Start importing Assets/LEGO/Textures/LEGO Behaviour Icons/Nearby Trigger Side.png using Guid(d7d92c0b6f46943bf9ae1ebef29938ad) Importer(815301076,1909f56bfc062723c751e8b465ee728b)  -> (artifact id: '986480a2e7c919e4c21afc2b34b01331') in 0.015360 seconds 
========================================================================
Received Import Request.
  Time since last request: 0.000044 seconds.
  path: Assets/SharedAssets/Packages/LowPoly/SimpleApocalypse/Prefabs/Items/SA_Item_Ammo_AssaultRifleMagazine.prefab
  artifactKey: Guid(447a87c44591cc24c87a41b0cbf3de32) Importer(815301076,1909f56bfc062723c751e8b465ee728b)
Start importing Assets/SharedAssets/Packages/LowPoly/SimpleApocalypse/Prefabs/Items/SA_Item_Ammo_AssaultRifleMagazine.prefab using Guid(447a87c44591cc24c87a41b0cbf3de32) Importer(815301076,1909f56bfc062723c751e8b465ee728b)  -> (artifact id: '06c0c92f064802739609e35c2000a11a') in 0.022471 seconds 
========================================================================
Received Import Request.
  Time since last request: 0.000029 seconds.
  path: Assets/SharedAssets/Packages/LowPoly/SimpleApocalypse/Models/Weapons/SA_Wep_AssaultRifle01_Convex.asset
  artifactKey: Guid(f5f033eea14124e4981abc4c803d4c11) Importer(815301076,1909f56bfc062723c751e8b465ee728b)
Start importing Assets/SharedAssets/Packages/LowPoly/SimpleApocalypse/Models/Weapons/SA_Wep_AssaultRifle01_Convex.asset using Guid(f5f033eea14124e4981abc4c803d4c11) Importer(815301076,1909f56bfc062723c751e8b465ee728b)  -> (artifact id: '3035fdf2f6c4f37cc655106078eff070') in 0.016776 seconds 
========================================================================
Received Import Request.
  Time since last request: 0.000031 seconds.
  path: Assets/LEGO/Textures/LEGO Behaviour Icons/Pickup Trigger Side.png
  artifactKey: Guid(4f31f2bdf47b348ab877f59cac7ca0ea) Importer(815301076,1909f56bfc062723c751e8b465ee728b)
Start importing Assets/LEGO/Textures/LEGO Behaviour Icons/Pickup Trigger Side.png using Guid(4f31f2bdf47b348ab877f59cac7ca0ea) Importer(815301076,1909f56bfc062723c751e8b465ee728b)  -> (artifact id: '4d09d2caf103cccd4dc7d2b082dc147a') in 0.020458 seconds 
========================================================================
Received Import Request.
  Time since last request: 0.000032 seconds.
  path: Assets/SharedAssets/Packages/LowPoly/SimpleApocalypse/Models/Items/SA_Item_Ammo_AssaultRifleMagazine_Convex.asset
  artifactKey: Guid(3dffe51488d1b6048ac473502dca8d3c) Importer(815301076,1909f56bfc062723c751e8b465ee728b)
Start importing Assets/SharedAssets/Packages/LowPoly/SimpleApocalypse/Models/Items/SA_Item_Ammo_AssaultRifleMagazine_Convex.asset using Guid(3dffe51488d1b6048ac473502dca8d3c) Importer(815301076,1909f56bfc062723c751e8b465ee728b)  -> (artifact id: '3be57d3a4c001e67075e1707a4fe133d') in 0.016914 seconds 
========================================================================
Received Import Request.
  Time since last request: 0.000033 seconds.
  path: Assets/SharedAssets/Packages/LowPoly/SimpleApocalypse/Materials/Zombies/SA_Zombie_Industrial.mat
  artifactKey: Guid(cad8e3f80e0443d43a61c4e1124449da) Importer(815301076,1909f56bfc062723c751e8b465ee728b)
Start importing Assets/SharedAssets/Packages/LowPoly/SimpleApocalypse/Materials/Zombies/SA_Zombie_Industrial.mat using Guid(cad8e3f80e0443d43a61c4e1124449da) Importer(815301076,1909f56bfc062723c751e8b465ee728b)  -> (artifact id: '407064681f818f4008059a57c93f1d03') in 0.019438 seconds 
Editor requested this worker to shutdown with reason: Scaling down because of idle timeout
AssetImportWorker is now disconnected from the server
Process exiting
Exiting without the bug reporter. Application will terminate with return code 0